{"C:\\Users\\maska\\Desktop\\projetos\\pessoais\\na nuvem\\bora-marca\\src\\data\\usecases\\account\\add-account-repository\\db-add-account-repository.ts": {"path":"C:\\Users\\maska\\Desktop\\projetos\\pessoais\\na nuvem\\bora-marca\\src\\data\\usecases\\account\\add-account-repository\\db-add-account-repository.ts","statementMap":{"0":{"start":{"line":10,"column":21},"end":{"line":10,"column":35}},"1":{"start":{"line":11,"column":21},"end":{"line":11,"column":63}},"2":{"start":{"line":12,"column":21},"end":{"line":12,"column":85}},"3":{"start":{"line":16,"column":33},"end":{"line":16,"column":101}},"4":{"start":{"line":18,"column":4},"end":{"line":20,"column":null}},"5":{"start":{"line":19,"column":6},"end":{"line":19,"column":null}},"6":{"start":{"line":22,"column":27},"end":{"line":22,"column":71}},"7":{"start":{"line":24,"column":20},"end":{"line":24,"column":100}},"8":{"start":{"line":26,"column":4},"end":{"line":26,"column":null}},"9":{"start":{"line":8,"column":0},"end":{"line":8,"column":13}}},"fnMap":{"0":{"name":"(anonymous_0)","decl":{"start":{"line":9,"column":2},"end":{"line":9,"column":null}},"loc":{"start":{"line":12,"column":85},"end":{"line":13,"column":6}}},"1":{"name":"(anonymous_1)","decl":{"start":{"line":15,"column":2},"end":{"line":15,"column":7}},"loc":{"start":{"line":15,"column":43},"end":{"line":27,"column":3}}}},"branchMap":{"0":{"loc":{"start":{"line":18,"column":4},"end":{"line":20,"column":null}},"type":"if","locations":[{"start":{"line":18,"column":4},"end":{"line":20,"column":null}}]}},"s":{"0":12,"1":12,"2":12,"3":9,"4":8,"5":1,"6":7,"7":6,"8":5,"9":5},"f":{"0":12,"1":9},"b":{"0":[1]}}
,"C:\\Users\\maska\\Desktop\\projetos\\pessoais\\na nuvem\\bora-marca\\src\\data\\usecases\\account\\authentication\\db-authentication.ts": {"path":"C:\\Users\\maska\\Desktop\\projetos\\pessoais\\na nuvem\\bora-marca\\src\\data\\usecases\\account\\authentication\\db-authentication.ts","statementMap":{"0":{"start":{"line":11,"column":21},"end":{"line":11,"column":79}},"1":{"start":{"line":12,"column":21},"end":{"line":12,"column":47}},"2":{"start":{"line":13,"column":21},"end":{"line":13,"column":41}},"3":{"start":{"line":14,"column":21},"end":{"line":14,"column":77}},"4":{"start":{"line":18,"column":20},"end":{"line":18,"column":93}},"5":{"start":{"line":20,"column":4},"end":{"line":33,"column":null}},"6":{"start":{"line":21,"column":22},"end":{"line":21,"column":96}},"7":{"start":{"line":23,"column":6},"end":{"line":32,"column":null}},"8":{"start":{"line":24,"column":20},"end":{"line":24,"column":60}},"9":{"start":{"line":26,"column":8},"end":{"line":26,"column":null}},"10":{"start":{"line":28,"column":8},"end":{"line":31,"column":null}},"11":{"start":{"line":35,"column":4},"end":{"line":35,"column":null}},"12":{"start":{"line":9,"column":0},"end":{"line":9,"column":13}}},"fnMap":{"0":{"name":"(anonymous_0)","decl":{"start":{"line":10,"column":2},"end":{"line":10,"column":null}},"loc":{"start":{"line":14,"column":77},"end":{"line":15,"column":6}}},"1":{"name":"(anonymous_1)","decl":{"start":{"line":17,"column":2},"end":{"line":17,"column":7}},"loc":{"start":{"line":17,"column":51},"end":{"line":36,"column":3}}}},"branchMap":{"0":{"loc":{"start":{"line":20,"column":4},"end":{"line":33,"column":null}},"type":"if","locations":[{"start":{"line":20,"column":4},"end":{"line":33,"column":null}}]},"1":{"loc":{"start":{"line":23,"column":6},"end":{"line":32,"column":null}},"type":"if","locations":[{"start":{"line":23,"column":6},"end":{"line":32,"column":null}}]}},"s":{"0":15,"1":15,"2":15,"3":15,"4":12,"5":11,"6":10,"7":9,"8":8,"9":7,"10":6,"11":2,"12":5},"f":{"0":15,"1":12},"b":{"0":[10],"1":[8]}}
,"C:\\Users\\maska\\Desktop\\projetos\\pessoais\\na nuvem\\bora-marca\\src\\domain\\usecases\\account\\index.ts": {"path":"C:\\Users\\maska\\Desktop\\projetos\\pessoais\\na nuvem\\bora-marca\\src\\domain\\usecases\\account\\index.ts","statementMap":{"0":{"start":{"line":1,"column":0},"end":{"line":1,"column":29}},"1":{"start":{"line":2,"column":0},"end":{"line":2,"column":32}}},"fnMap":{},"branchMap":{},"s":{"0":0,"1":0},"f":{},"b":{}}
,"C:\\Users\\maska\\Desktop\\projetos\\pessoais\\na nuvem\\bora-marca\\src\\infra\\criptography\\bcrypt-adapter\\bcrypt-adapter.ts": {"path":"C:\\Users\\maska\\Desktop\\projetos\\pessoais\\na nuvem\\bora-marca\\src\\infra\\criptography\\bcrypt-adapter\\bcrypt-adapter.ts","statementMap":{"0":{"start":{"line":1,"column":0},"end":{"line":1,"column":27}},"1":{"start":{"line":7,"column":32},"end":{"line":7,"column":44}},"2":{"start":{"line":10,"column":27},"end":{"line":10,"column":61}},"3":{"start":{"line":12,"column":4},"end":{"line":12,"column":null}},"4":{"start":{"line":16,"column":27},"end":{"line":16,"column":59}},"5":{"start":{"line":17,"column":4},"end":{"line":17,"column":null}},"6":{"start":{"line":6,"column":0},"end":{"line":6,"column":13}}},"fnMap":{"0":{"name":"(anonymous_1)","decl":{"start":{"line":7,"column":2},"end":{"line":7,"column":32}},"loc":{"start":{"line":7,"column":44},"end":{"line":7,"column":48}}},"1":{"name":"(anonymous_2)","decl":{"start":{"line":9,"column":2},"end":{"line":9,"column":7}},"loc":{"start":{"line":9,"column":27},"end":{"line":13,"column":3}}},"2":{"name":"(anonymous_3)","decl":{"start":{"line":15,"column":2},"end":{"line":15,"column":7}},"loc":{"start":{"line":15,"column":44},"end":{"line":18,"column":3}}}},"branchMap":{},"s":{"0":5,"1":15,"2":4,"3":3,"4":5,"5":4,"6":5},"f":{"0":15,"1":4,"2":5},"b":{}}
,"C:\\Users\\maska\\Desktop\\projetos\\pessoais\\na nuvem\\bora-marca\\src\\infra\\criptography\\jwt-adapter\\jwt-adapter.ts": {"path":"C:\\Users\\maska\\Desktop\\projetos\\pessoais\\na nuvem\\bora-marca\\src\\infra\\criptography\\jwt-adapter\\jwt-adapter.ts","statementMap":{"0":{"start":{"line":1,"column":0},"end":{"line":1,"column":30}},"1":{"start":{"line":7,"column":32},"end":{"line":7,"column":46}},"2":{"start":{"line":10,"column":4},"end":{"line":10,"column":null}},"3":{"start":{"line":14,"column":32},"end":{"line":14,"column":68}},"4":{"start":{"line":16,"column":4},"end":{"line":18,"column":null}},"5":{"start":{"line":17,"column":6},"end":{"line":17,"column":null}},"6":{"start":{"line":20,"column":4},"end":{"line":20,"column":null}},"7":{"start":{"line":6,"column":0},"end":{"line":6,"column":13}}},"fnMap":{"0":{"name":"(anonymous_1)","decl":{"start":{"line":7,"column":2},"end":{"line":7,"column":32}},"loc":{"start":{"line":7,"column":46},"end":{"line":7,"column":50}}},"1":{"name":"(anonymous_2)","decl":{"start":{"line":9,"column":2},"end":{"line":9,"column":7}},"loc":{"start":{"line":9,"column":30},"end":{"line":11,"column":3}}},"2":{"name":"(anonymous_3)","decl":{"start":{"line":13,"column":2},"end":{"line":13,"column":7}},"loc":{"start":{"line":13,"column":30},"end":{"line":21,"column":3}}}},"branchMap":{"0":{"loc":{"start":{"line":16,"column":4},"end":{"line":18,"column":null}},"type":"if","locations":[{"start":{"line":16,"column":4},"end":{"line":18,"column":null}}]}},"s":{"0":5,"1":11,"2":4,"3":4,"4":3,"5":2,"6":1,"7":5},"f":{"0":11,"1":4,"2":4},"b":{"0":[2]}}
,"C:\\Users\\maska\\Desktop\\projetos\\pessoais\\na nuvem\\bora-marca\\src\\infra\\db\\mysql\\account\\account-repository.ts": {"path":"C:\\Users\\maska\\Desktop\\projetos\\pessoais\\na nuvem\\bora-marca\\src\\infra\\db\\mysql\\account\\account-repository.ts","statementMap":{"0":{"start":{"line":1,"column":0},"end":{"line":1,"column":39}},"1":{"start":{"line":9,"column":20},"end":{"line":11,"column":6}},"2":{"start":{"line":13,"column":4},"end":{"line":13,"column":null}},"3":{"start":{"line":17,"column":20},"end":{"line":17,"column":84}},"4":{"start":{"line":19,"column":4},"end":{"line":25,"column":null}},"5":{"start":{"line":20,"column":6},"end":{"line":24,"column":null}},"6":{"start":{"line":27,"column":4},"end":{"line":27,"column":null}},"7":{"start":{"line":31,"column":4},"end":{"line":34,"column":null}},"8":{"start":{"line":38,"column":20},"end":{"line":38,"column":84}},"9":{"start":{"line":40,"column":4},"end":{"line":40,"column":null}},"10":{"start":{"line":5,"column":0},"end":{"line":5,"column":13}}},"fnMap":{"0":{"name":"(anonymous_1)","decl":{"start":{"line":8,"column":2},"end":{"line":8,"column":7}},"loc":{"start":{"line":8,"column":48},"end":{"line":14,"column":3}}},"1":{"name":"(anonymous_2)","decl":{"start":{"line":16,"column":2},"end":{"line":16,"column":7}},"loc":{"start":{"line":16,"column":34},"end":{"line":28,"column":3}}},"2":{"name":"(anonymous_3)","decl":{"start":{"line":30,"column":2},"end":{"line":30,"column":7}},"loc":{"start":{"line":30,"column":52},"end":{"line":35,"column":3}}},"3":{"name":"(anonymous_4)","decl":{"start":{"line":37,"column":2},"end":{"line":37,"column":7}},"loc":{"start":{"line":37,"column":61},"end":{"line":41,"column":3}}}},"branchMap":{"0":{"loc":{"start":{"line":19,"column":4},"end":{"line":25,"column":null}},"type":"if","locations":[{"start":{"line":19,"column":4},"end":{"line":25,"column":null}}]}},"s":{"0":5,"1":3,"2":3,"3":3,"4":3,"5":2,"6":1,"7":2,"8":2,"9":2,"10":5},"f":{"0":3,"1":3,"2":2,"3":2},"b":{"0":[2]}}
,"C:\\Users\\maska\\Desktop\\projetos\\pessoais\\na nuvem\\bora-marca\\src\\infra\\db\\mysql\\helper\\client.ts": {"path":"C:\\Users\\maska\\Desktop\\projetos\\pessoais\\na nuvem\\bora-marca\\src\\infra\\db\\mysql\\helper\\client.ts","statementMap":{"0":{"start":{"line":1,"column":0},"end":{"line":1,"column":45}},"1":{"start":{"line":3,"column":17},"end":{"line":5,"column":null}},"2":{"start":{"line":9,"column":0},"end":{"line":9,"column":null}},"3":{"start":{"line":11,"column":0},"end":{"line":11,"column":null}}},"fnMap":{},"branchMap":{},"s":{"0":5,"1":5,"2":5,"3":5},"f":{},"b":{}}
,"C:\\Users\\maska\\Desktop\\projetos\\pessoais\\na nuvem\\bora-marca\\src\\infra\\email\\email-validator-adapter.ts": {"path":"C:\\Users\\maska\\Desktop\\projetos\\pessoais\\na nuvem\\bora-marca\\src\\infra\\email\\email-validator-adapter.ts","statementMap":{"0":{"start":{"line":1,"column":0},"end":{"line":1,"column":33}},"1":{"start":{"line":7,"column":4},"end":{"line":7,"column":null}},"2":{"start":{"line":5,"column":0},"end":{"line":5,"column":13}}},"fnMap":{"0":{"name":"(anonymous_1)","decl":{"start":{"line":6,"column":2},"end":{"line":6,"column":9}},"loc":{"start":{"line":6,"column":24},"end":{"line":8,"column":3}}}},"branchMap":{},"s":{"0":6,"1":4,"2":6},"f":{"0":4},"b":{}}
,"C:\\Users\\maska\\Desktop\\projetos\\pessoais\\na nuvem\\bora-marca\\src\\presentation\\controllers\\signup\\signup-controller.ts": {"path":"C:\\Users\\maska\\Desktop\\projetos\\pessoais\\na nuvem\\bora-marca\\src\\presentation\\controllers\\signup\\signup-controller.ts","statementMap":{"0":{"start":{"line":3,"column":0},"end":{"line":3,"column":55}},"1":{"start":{"line":4,"column":0},"end":{"line":4,"column":96}},"2":{"start":{"line":8,"column":21},"end":{"line":8,"column":43}},"3":{"start":{"line":9,"column":21},"end":{"line":9,"column":43}},"4":{"start":{"line":10,"column":21},"end":{"line":10,"column":51}},"5":{"start":{"line":14,"column":4},"end":{"line":34,"column":null}},"6":{"start":{"line":15,"column":38},"end":{"line":15,"column":45}},"7":{"start":{"line":17,"column":32},"end":{"line":17,"column":65}},"8":{"start":{"line":19,"column":6},"end":{"line":21,"column":null}},"9":{"start":{"line":20,"column":8},"end":{"line":20,"column":null}},"10":{"start":{"line":23,"column":22},"end":{"line":23,"column":72}},"11":{"start":{"line":25,"column":6},"end":{"line":27,"column":null}},"12":{"start":{"line":26,"column":8},"end":{"line":26,"column":null}},"13":{"start":{"line":29,"column":34},"end":{"line":29,"column":84}},"14":{"start":{"line":31,"column":6},"end":{"line":31,"column":null}},"15":{"start":{"line":33,"column":6},"end":{"line":33,"column":null}},"16":{"start":{"line":6,"column":0},"end":{"line":6,"column":13}}},"fnMap":{"0":{"name":"(anonymous_0)","decl":{"start":{"line":7,"column":2},"end":{"line":7,"column":null}},"loc":{"start":{"line":10,"column":51},"end":{"line":11,"column":6}}},"1":{"name":"(anonymous_1)","decl":{"start":{"line":13,"column":2},"end":{"line":13,"column":7}},"loc":{"start":{"line":13,"column":49},"end":{"line":35,"column":3}}}},"branchMap":{"0":{"loc":{"start":{"line":19,"column":6},"end":{"line":21,"column":null}},"type":"if","locations":[{"start":{"line":19,"column":6},"end":{"line":21,"column":null}}]},"1":{"loc":{"start":{"line":25,"column":6},"end":{"line":27,"column":null}},"type":"if","locations":[{"start":{"line":25,"column":6},"end":{"line":27,"column":null}}]}},"s":{"0":5,"1":5,"2":12,"3":12,"4":12,"5":9,"6":9,"7":9,"8":9,"9":1,"10":8,"11":7,"12":1,"13":6,"14":5,"15":2,"16":5},"f":{"0":12,"1":9},"b":{"0":[1],"1":[1]}}
,"C:\\Users\\maska\\Desktop\\projetos\\pessoais\\na nuvem\\bora-marca\\src\\presentation\\tests\\account\\index.ts": {"path":"C:\\Users\\maska\\Desktop\\projetos\\pessoais\\na nuvem\\bora-marca\\src\\presentation\\tests\\account\\index.ts","statementMap":{"0":{"start":{"line":1,"column":0},"end":{"line":1,"column":34}},"1":{"start":{"line":2,"column":0},"end":{"line":2,"column":38}}},"fnMap":{},"branchMap":{},"s":{"0":1,"1":1},"f":{},"b":{}}
,"C:\\Users\\maska\\Desktop\\projetos\\pessoais\\na nuvem\\bora-marca\\src\\presentation\\tests\\account\\mock-add-account.ts": {"path":"C:\\Users\\maska\\Desktop\\projetos\\pessoais\\na nuvem\\bora-marca\\src\\presentation\\tests\\account\\mock-add-account.ts","statementMap":{"0":{"start":{"line":5,"column":2},"end":{"line":5,"column":null}},"1":{"start":{"line":8,"column":4},"end":{"line":8,"column":null}},"2":{"start":{"line":10,"column":4},"end":{"line":10,"column":null}},"3":{"start":{"line":3,"column":0},"end":{"line":3,"column":13}}},"fnMap":{"0":{"name":"(anonymous_0)","decl":{"start":{"line":3,"column":0},"end":{"line":3,"column":13}},"loc":{"start":{"line":3,"column":0},"end":{"line":12,"column":1}}},"1":{"name":"(anonymous_1)","decl":{"start":{"line":7,"column":2},"end":{"line":7,"column":7}},"loc":{"start":{"line":7,"column":38},"end":{"line":11,"column":3}}}},"branchMap":{},"s":{"0":8,"1":6,"2":6,"3":1},"f":{"0":8,"1":6},"b":{}}
,"C:\\Users\\maska\\Desktop\\projetos\\pessoais\\na nuvem\\bora-marca\\src\\presentation\\tests\\account\\mock-authentitcation.ts": {"path":"C:\\Users\\maska\\Desktop\\projetos\\pessoais\\na nuvem\\bora-marca\\src\\presentation\\tests\\account\\mock-authentitcation.ts","statementMap":{"0":{"start":{"line":1,"column":0},"end":{"line":1,"column":83}},"1":{"start":{"line":6,"column":2},"end":{"line":6,"column":null}},"2":{"start":{"line":9,"column":4},"end":{"line":9,"column":null}},"3":{"start":{"line":10,"column":4},"end":{"line":10,"column":null}},"4":{"start":{"line":4,"column":0},"end":{"line":4,"column":13}}},"fnMap":{"0":{"name":"(anonymous_0)","decl":{"start":{"line":4,"column":0},"end":{"line":4,"column":13}},"loc":{"start":{"line":4,"column":0},"end":{"line":12,"column":1}}},"1":{"name":"(anonymous_1)","decl":{"start":{"line":8,"column":2},"end":{"line":8,"column":7}},"loc":{"start":{"line":8,"column":57},"end":{"line":11,"column":3}}}},"branchMap":{},"s":{"0":1,"1":8,"2":4,"3":4,"4":1},"f":{"0":8,"1":4},"b":{}}
,"C:\\Users\\maska\\Desktop\\projetos\\pessoais\\na nuvem\\bora-marca\\src\\presentation\\tests\\utils\\index.ts": {"path":"C:\\Users\\maska\\Desktop\\projetos\\pessoais\\na nuvem\\bora-marca\\src\\presentation\\tests\\utils\\index.ts","statementMap":{"0":{"start":{"line":1,"column":0},"end":{"line":1,"column":33}}},"fnMap":{},"branchMap":{},"s":{"0":1},"f":{},"b":{}}
,"C:\\Users\\maska\\Desktop\\projetos\\pessoais\\na nuvem\\bora-marca\\src\\presentation\\tests\\utils\\mock-validation.ts": {"path":"C:\\Users\\maska\\Desktop\\projetos\\pessoais\\na nuvem\\bora-marca\\src\\presentation\\tests\\utils\\mock-validation.ts","statementMap":{"0":{"start":{"line":8,"column":4},"end":{"line":8,"column":null}},"1":{"start":{"line":9,"column":4},"end":{"line":9,"column":null}},"2":{"start":{"line":3,"column":0},"end":{"line":3,"column":13}}},"fnMap":{"0":{"name":"(anonymous_0)","decl":{"start":{"line":7,"column":2},"end":{"line":7,"column":10}},"loc":{"start":{"line":7,"column":28},"end":{"line":10,"column":3}}}},"branchMap":{},"s":{"0":7,"1":7,"2":1},"f":{"0":7},"b":{}}
,"C:\\Users\\maska\\Desktop\\projetos\\pessoais\\na nuvem\\bora-marca\\src\\validation\\validators\\index.ts": {"path":"C:\\Users\\maska\\Desktop\\projetos\\pessoais\\na nuvem\\bora-marca\\src\\validation\\validators\\index.ts","statementMap":{"0":{"start":{"line":1,"column":0},"end":{"line":1,"column":58}},"1":{"start":{"line":2,"column":0},"end":{"line":2,"column":40}},"2":{"start":{"line":3,"column":0},"end":{"line":3,"column":48}},"3":{"start":{"line":4,"column":0},"end":{"line":4,"column":59}}},"fnMap":{},"branchMap":{},"s":{"0":7,"1":7,"2":7,"3":7},"f":{},"b":{}}
,"C:\\Users\\maska\\Desktop\\projetos\\pessoais\\na nuvem\\bora-marca\\src\\validation\\validators\\compare-fields\\compare-fields-validation.ts": {"path":"C:\\Users\\maska\\Desktop\\projetos\\pessoais\\na nuvem\\bora-marca\\src\\validation\\validators\\compare-fields\\compare-fields-validation.ts","statementMap":{"0":{"start":{"line":2,"column":0},"end":{"line":2,"column":57}},"1":{"start":{"line":5,"column":32},"end":{"line":5,"column":49}},"2":{"start":{"line":5,"column":68},"end":{"line":5,"column":94}},"3":{"start":{"line":10,"column":4},"end":{"line":12,"column":null}},"4":{"start":{"line":11,"column":6},"end":{"line":11,"column":null}},"5":{"start":{"line":4,"column":0},"end":{"line":4,"column":13}}},"fnMap":{"0":{"name":"(anonymous_0)","decl":{"start":{"line":5,"column":2},"end":{"line":5,"column":32}},"loc":{"start":{"line":5,"column":94},"end":{"line":7,"column":3}}},"1":{"name":"(anonymous_1)","decl":{"start":{"line":9,"column":2},"end":{"line":9,"column":10}},"loc":{"start":{"line":9,"column":22},"end":{"line":13,"column":3}}}},"branchMap":{"0":{"loc":{"start":{"line":10,"column":4},"end":{"line":12,"column":null}},"type":"if","locations":[{"start":{"line":10,"column":4},"end":{"line":12,"column":null}}]}},"s":{"0":7,"1":8,"2":8,"3":3,"4":1,"5":7},"f":{"0":8,"1":3},"b":{"0":[1]}}
,"C:\\Users\\maska\\Desktop\\projetos\\pessoais\\na nuvem\\bora-marca\\src\\validation\\validators\\composite\\validation-composite.ts": {"path":"C:\\Users\\maska\\Desktop\\projetos\\pessoais\\na nuvem\\bora-marca\\src\\validation\\validators\\composite\\validation-composite.ts","statementMap":{"0":{"start":{"line":4,"column":32},"end":{"line":4,"column":57}},"1":{"start":{"line":7,"column":4},"end":{"line":13,"column":null}},"2":{"start":{"line":8,"column":20},"end":{"line":8,"column":46}},"3":{"start":{"line":10,"column":6},"end":{"line":12,"column":null}},"4":{"start":{"line":11,"column":8},"end":{"line":11,"column":null}},"5":{"start":{"line":3,"column":0},"end":{"line":3,"column":13}}},"fnMap":{"0":{"name":"(anonymous_0)","decl":{"start":{"line":4,"column":2},"end":{"line":4,"column":32}},"loc":{"start":{"line":4,"column":57},"end":{"line":4,"column":61}}},"1":{"name":"(anonymous_1)","decl":{"start":{"line":6,"column":2},"end":{"line":6,"column":10}},"loc":{"start":{"line":6,"column":22},"end":{"line":14,"column":3}}}},"branchMap":{"0":{"loc":{"start":{"line":10,"column":6},"end":{"line":12,"column":null}},"type":"if","locations":[{"start":{"line":10,"column":6},"end":{"line":12,"column":null}}]}},"s":{"0":8,"1":5,"2":11,"3":11,"4":3,"5":7},"f":{"0":8,"1":5},"b":{"0":[3]}}
,"C:\\Users\\maska\\Desktop\\projetos\\pessoais\\na nuvem\\bora-marca\\src\\validation\\validators\\email\\email-validation.ts": {"path":"C:\\Users\\maska\\Desktop\\projetos\\pessoais\\na nuvem\\bora-marca\\src\\validation\\validators\\email\\email-validation.ts","statementMap":{"0":{"start":{"line":2,"column":0},"end":{"line":2,"column":57}},"1":{"start":{"line":6,"column":32},"end":{"line":6,"column":49}},"2":{"start":{"line":6,"column":68},"end":{"line":6,"column":98}},"3":{"start":{"line":11,"column":20},"end":{"line":11,"column":70}},"4":{"start":{"line":12,"column":4},"end":{"line":14,"column":null}},"5":{"start":{"line":13,"column":6},"end":{"line":13,"column":null}},"6":{"start":{"line":5,"column":0},"end":{"line":5,"column":13}}},"fnMap":{"0":{"name":"(anonymous_0)","decl":{"start":{"line":6,"column":2},"end":{"line":6,"column":32}},"loc":{"start":{"line":6,"column":98},"end":{"line":8,"column":3}}},"1":{"name":"(anonymous_1)","decl":{"start":{"line":10,"column":2},"end":{"line":10,"column":10}},"loc":{"start":{"line":10,"column":22},"end":{"line":15,"column":3}}}},"branchMap":{"0":{"loc":{"start":{"line":12,"column":4},"end":{"line":14,"column":null}},"type":"if","locations":[{"start":{"line":12,"column":4},"end":{"line":14,"column":null}}]}},"s":{"0":8,"1":9,"2":9,"3":4,"4":3,"5":1,"6":8},"f":{"0":9,"1":4},"b":{"0":[1]}}
,"C:\\Users\\maska\\Desktop\\projetos\\pessoais\\na nuvem\\bora-marca\\src\\validation\\validators\\required-fields\\required-field-validation.ts": {"path":"C:\\Users\\maska\\Desktop\\projetos\\pessoais\\na nuvem\\bora-marca\\src\\validation\\validators\\required-fields\\required-field-validation.ts","statementMap":{"0":{"start":{"line":2,"column":0},"end":{"line":2,"column":58}},"1":{"start":{"line":5,"column":32},"end":{"line":5,"column":49}},"2":{"start":{"line":9,"column":4},"end":{"line":11,"column":null}},"3":{"start":{"line":10,"column":6},"end":{"line":10,"column":null}},"4":{"start":{"line":4,"column":0},"end":{"line":4,"column":13}}},"fnMap":{"0":{"name":"(anonymous_0)","decl":{"start":{"line":5,"column":2},"end":{"line":5,"column":32}},"loc":{"start":{"line":5,"column":49},"end":{"line":6,"column":3}}},"1":{"name":"(anonymous_1)","decl":{"start":{"line":8,"column":2},"end":{"line":8,"column":10}},"loc":{"start":{"line":8,"column":22},"end":{"line":12,"column":3}}}},"branchMap":{"0":{"loc":{"start":{"line":9,"column":4},"end":{"line":11,"column":null}},"type":"if","locations":[{"start":{"line":9,"column":4},"end":{"line":11,"column":null}}]}},"s":{"0":8,"1":26,"2":6,"3":1,"4":8},"f":{"0":26,"1":6},"b":{"0":[1]}}
}
