TN:
SF:src\data\usecases\account\add-account-repository\db-add-account-repository.ts
FN:9,(anonymous_0)
FN:15,(anonymous_1)
FNF:2
FNH:2
FNDA:12,(anonymous_0)
FNDA:9,(anonymous_1)
DA:8,5
DA:10,12
DA:11,12
DA:12,12
DA:16,9
DA:18,8
DA:19,1
DA:22,7
DA:24,6
DA:26,5
LF:10
LH:10
BRDA:18,0,0,1
BRF:1
BRH:1
end_of_record
TN:
SF:src\data\usecases\account\authentication\db-authentication.ts
FN:10,(anonymous_0)
FN:17,(anonymous_1)
FNF:2
FNH:2
FNDA:15,(anonymous_0)
FNDA:12,(anonymous_1)
DA:9,5
DA:11,15
DA:12,15
DA:13,15
DA:14,15
DA:18,12
DA:20,11
DA:21,10
DA:23,9
DA:24,8
DA:26,7
DA:28,6
DA:35,2
LF:13
LH:13
BRDA:20,0,0,10
BRDA:23,1,0,8
BRF:2
BRH:2
end_of_record
TN:
SF:src\domain\usecases\account\index.ts
FNF:0
FNH:0
DA:1,0
DA:2,0
LF:2
LH:0
BRF:0
BRH:0
end_of_record
TN:
SF:src\infra\criptography\bcrypt-adapter\bcrypt-adapter.ts
FN:7,(anonymous_1)
FN:9,(anonymous_2)
FN:15,(anonymous_3)
FNF:3
FNH:3
FNDA:15,(anonymous_1)
FNDA:4,(anonymous_2)
FNDA:5,(anonymous_3)
DA:1,5
DA:6,5
DA:7,15
DA:10,4
DA:12,3
DA:16,5
DA:17,4
LF:7
LH:7
BRF:0
BRH:0
end_of_record
TN:
SF:src\infra\criptography\jwt-adapter\jwt-adapter.ts
FN:7,(anonymous_1)
FN:9,(anonymous_2)
FN:13,(anonymous_3)
FNF:3
FNH:3
FNDA:11,(anonymous_1)
FNDA:4,(anonymous_2)
FNDA:4,(anonymous_3)
DA:1,5
DA:6,5
DA:7,11
DA:10,4
DA:14,4
DA:16,3
DA:17,2
DA:20,1
LF:8
LH:8
BRDA:16,0,0,2
BRF:1
BRH:1
end_of_record
TN:
SF:src\infra\db\mysql\account\account-repository.ts
FN:8,(anonymous_1)
FN:16,(anonymous_2)
FN:30,(anonymous_3)
FN:37,(anonymous_4)
FNF:4
FNH:4
FNDA:3,(anonymous_1)
FNDA:3,(anonymous_2)
FNDA:2,(anonymous_3)
FNDA:2,(anonymous_4)
DA:1,5
DA:5,5
DA:9,3
DA:13,3
DA:17,3
DA:19,3
DA:20,2
DA:27,1
DA:31,2
DA:38,2
DA:40,2
LF:11
LH:11
BRDA:19,0,0,2
BRF:1
BRH:1
end_of_record
TN:
SF:src\infra\db\mysql\helper\client.ts
FNF:0
FNH:0
DA:1,5
DA:3,5
DA:9,5
DA:11,5
LF:4
LH:4
BRF:0
BRH:0
end_of_record
TN:
SF:src\infra\email\email-validator-adapter.ts
FN:6,(anonymous_1)
FNF:1
FNH:1
FNDA:4,(anonymous_1)
DA:1,6
DA:5,6
DA:7,4
LF:3
LH:3
BRF:0
BRH:0
end_of_record
TN:
SF:src\presentation\controllers\signup\signup-controller.ts
FN:7,(anonymous_0)
FN:13,(anonymous_1)
FNF:2
FNH:2
FNDA:12,(anonymous_0)
FNDA:9,(anonymous_1)
DA:3,5
DA:4,5
DA:6,5
DA:8,12
DA:9,12
DA:10,12
DA:14,9
DA:15,9
DA:17,9
DA:19,9
DA:20,1
DA:23,8
DA:25,7
DA:26,1
DA:29,6
DA:31,5
DA:33,2
LF:17
LH:17
BRDA:19,0,0,1
BRDA:25,1,0,1
BRF:2
BRH:2
end_of_record
TN:
SF:src\presentation\tests\account\index.ts
FNF:0
FNH:0
DA:1,1
DA:2,1
LF:2
LH:2
BRF:0
BRH:0
end_of_record
TN:
SF:src\presentation\tests\account\mock-add-account.ts
FN:3,(anonymous_0)
FN:7,(anonymous_1)
FNF:2
FNH:2
FNDA:8,(anonymous_0)
FNDA:6,(anonymous_1)
DA:3,1
DA:5,8
DA:8,6
DA:10,6
LF:4
LH:4
BRF:0
BRH:0
end_of_record
TN:
SF:src\presentation\tests\account\mock-authentitcation.ts
FN:4,(anonymous_0)
FN:8,(anonymous_1)
FNF:2
FNH:2
FNDA:8,(anonymous_0)
FNDA:4,(anonymous_1)
DA:1,1
DA:4,1
DA:6,8
DA:9,4
DA:10,4
LF:5
LH:5
BRF:0
BRH:0
end_of_record
TN:
SF:src\presentation\tests\utils\index.ts
FNF:0
FNH:0
DA:1,1
LF:1
LH:1
BRF:0
BRH:0
end_of_record
TN:
SF:src\presentation\tests\utils\mock-validation.ts
FN:7,(anonymous_0)
FNF:1
FNH:1
FNDA:7,(anonymous_0)
DA:3,1
DA:8,7
DA:9,7
LF:3
LH:3
BRF:0
BRH:0
end_of_record
TN:
SF:src\validation\validators\index.ts
FNF:0
FNH:0
DA:1,7
DA:2,7
DA:3,7
DA:4,7
LF:4
LH:4
BRF:0
BRH:0
end_of_record
TN:
SF:src\validation\validators\compare-fields\compare-fields-validation.ts
FN:5,(anonymous_0)
FN:9,(anonymous_1)
FNF:2
FNH:2
FNDA:8,(anonymous_0)
FNDA:3,(anonymous_1)
DA:2,7
DA:4,7
DA:5,8
DA:10,3
DA:11,1
LF:5
LH:5
BRDA:10,0,0,1
BRF:1
BRH:1
end_of_record
TN:
SF:src\validation\validators\composite\validation-composite.ts
FN:4,(anonymous_0)
FN:6,(anonymous_1)
FNF:2
FNH:2
FNDA:8,(anonymous_0)
FNDA:5,(anonymous_1)
DA:3,7
DA:4,8
DA:7,5
DA:8,11
DA:10,11
DA:11,3
LF:6
LH:6
BRDA:10,0,0,3
BRF:1
BRH:1
end_of_record
TN:
SF:src\validation\validators\email\email-validation.ts
FN:6,(anonymous_0)
FN:10,(anonymous_1)
FNF:2
FNH:2
FNDA:9,(anonymous_0)
FNDA:4,(anonymous_1)
DA:2,8
DA:5,8
DA:6,9
DA:11,4
DA:12,3
DA:13,1
LF:6
LH:6
BRDA:12,0,0,1
BRF:1
BRH:1
end_of_record
TN:
SF:src\validation\validators\required-fields\required-field-validation.ts
FN:5,(anonymous_0)
FN:8,(anonymous_1)
FNF:2
FNH:2
FNDA:26,(anonymous_0)
FNDA:6,(anonymous_1)
DA:2,8
DA:4,8
DA:5,26
DA:9,6
DA:10,1
LF:5
LH:5
BRDA:9,0,0,1
BRF:1
BRH:1
end_of_record
