TN:
SF:src\data\usecases\add-account-repository\db-add-account-repository.ts
FN:4,(anonymous_0)
FN:10,(anonymous_1)
FNF:2
FNH:2
FNDA:8,(anonymous_0)
FNDA:8,(anonymous_1)
DA:3,1
DA:5,8
DA:6,8
DA:7,8
DA:11,8
DA:13,7
DA:14,1
DA:17,6
DA:19,5
DA:21,4
LF:10
LH:10
BRDA:13,0,0,1
BRF:1
BRH:1
end_of_record
TN:
SF:src\data\usecases\authentication\db-authentication.ts
FN:10,(anonymous_0)
FN:17,(anonymous_1)
FNF:2
FNH:2
FNDA:11,(anonymous_0)
FNDA:11,(anonymous_1)
DA:9,1
DA:11,11
DA:12,11
DA:13,11
DA:14,11
DA:18,11
DA:20,10
DA:21,9
DA:23,8
DA:24,7
DA:26,6
DA:28,5
DA:35,2
LF:13
LH:13
BRDA:20,0,0,9
BRDA:23,1,0,7
BRF:2
BRH:2
end_of_record
TN:
SF:src\infra\criptography\bcrypt-adapter\bcrypt-adapter.ts
FN:7,(anonymous_1)
FN:9,(anonymous_2)
FN:15,(anonymous_3)
FNF:3
FNH:3
FNDA:7,(anonymous_1)
FNDA:3,(anonymous_2)
FNDA:4,(anonymous_3)
DA:1,1
DA:6,1
DA:7,7
DA:10,3
DA:12,2
DA:16,4
DA:17,3
LF:7
LH:7
BRF:0
BRH:0
end_of_record
TN:
SF:src\infra\criptography\jwt-adapter\jwt-adapter.ts
FN:7,(anonymous_1)
FN:9,(anonymous_2)
FN:13,(anonymous_3)
FNF:3
FNH:3
FNDA:7,(anonymous_1)
FNDA:3,(anonymous_2)
FNDA:4,(anonymous_3)
DA:1,1
DA:6,1
DA:7,7
DA:10,3
DA:14,4
DA:16,3
DA:17,2
DA:20,1
LF:8
LH:8
BRDA:16,0,0,2
BRF:1
BRH:1
end_of_record
TN:
SF:src\infra\email\email-validator-adapter.ts
FN:6,(anonymous_1)
FNF:1
FNH:1
FNDA:3,(anonymous_1)
DA:1,1
DA:5,1
DA:7,3
LF:3
LH:3
BRF:0
BRH:0
end_of_record
TN:
SF:src\presentation\controllers\signup\signup-controller.ts
FN:7,(anonymous_0)
FN:13,(anonymous_1)
FNF:2
FNH:2
FNDA:8,(anonymous_0)
FNDA:8,(anonymous_1)
DA:3,1
DA:4,1
DA:6,1
DA:8,8
DA:9,8
DA:10,8
DA:14,8
DA:15,8
DA:17,8
DA:19,8
DA:20,1
DA:23,7
DA:25,6
DA:26,1
DA:29,5
DA:31,4
DA:33,2
LF:17
LH:17
BRDA:19,0,0,1
BRDA:25,1,0,1
BRF:2
BRH:2
end_of_record
TN:
SF:src\presentation\tests\index.ts
FNF:0
FNH:0
DA:1,1
DA:2,1
DA:3,1
LF:3
LH:3
BRF:0
BRH:0
end_of_record
TN:
SF:src\presentation\tests\mock-add-account.ts
FN:3,(anonymous_0)
FN:7,(anonymous_1)
FNF:2
FNH:2
FNDA:8,(anonymous_0)
FNDA:6,(anonymous_1)
DA:3,1
DA:5,8
DA:8,6
DA:10,6
LF:4
LH:4
BRF:0
BRH:0
end_of_record
TN:
SF:src\presentation\tests\mock-authentitcation.ts
FN:4,(anonymous_0)
FN:8,(anonymous_1)
FNF:2
FNH:2
FNDA:8,(anonymous_0)
FNDA:4,(anonymous_1)
DA:1,1
DA:4,1
DA:6,8
DA:9,4
DA:10,4
LF:5
LH:5
BRF:0
BRH:0
end_of_record
TN:
SF:src\presentation\tests\mock-validation.ts
FN:7,(anonymous_0)
FNF:1
FNH:1
FNDA:7,(anonymous_0)
DA:3,1
DA:8,7
DA:9,7
LF:3
LH:3
BRF:0
BRH:0
end_of_record
TN:
SF:src\validation\validators\index.ts
FNF:0
FNH:0
DA:1,2
DA:2,2
DA:3,2
DA:4,2
LF:4
LH:4
BRF:0
BRH:0
end_of_record
TN:
SF:src\validation\validators\compare-fields\compare-fields-validation.ts
FN:5,(anonymous_0)
FN:9,(anonymous_1)
FNF:2
FNH:2
FNDA:2,(anonymous_0)
FNDA:2,(anonymous_1)
DA:2,2
DA:4,2
DA:5,2
DA:10,2
DA:11,1
LF:5
LH:5
BRDA:10,0,0,1
BRF:1
BRH:1
end_of_record
TN:
SF:src\validation\validators\composite\validation-composite.ts
FN:4,(anonymous_0)
FN:6,(anonymous_1)
FNF:2
FNH:2
FNDA:4,(anonymous_0)
FNDA:4,(anonymous_1)
DA:3,2
DA:4,4
DA:7,4
DA:8,5
DA:10,5
DA:11,3
LF:6
LH:6
BRDA:10,0,0,3
BRF:1
BRH:1
end_of_record
TN:
SF:src\validation\validators\email\email-validation.ts
FN:6,(anonymous_0)
FN:10,(anonymous_1)
FNF:2
FNH:2
FNDA:3,(anonymous_0)
FNDA:3,(anonymous_1)
DA:2,3
DA:5,3
DA:6,3
DA:11,3
DA:12,2
DA:13,1
LF:6
LH:6
BRDA:12,0,0,1
BRF:1
BRH:1
end_of_record
TN:
SF:src\validation\validators\required-fields\required-field-validation.ts
FN:5,(anonymous_0)
FN:8,(anonymous_1)
FNF:2
FNH:2
FNDA:2,(anonymous_0)
FNDA:2,(anonymous_1)
DA:2,3
DA:4,3
DA:5,2
DA:9,2
DA:10,1
LF:5
LH:5
BRDA:9,0,0,1
BRF:1
BRH:1
end_of_record
